<?xml version="1.0" encoding="UTF-8"?>
<!-- Generated by org.testng.reporters.JUnitXMLReporter -->
<testsuite ignored="0" hostname="C100-96s-iMac.local" failures="2" tests="9" name="Negative Test cases" time="452.19" errors="0" timestamp="2023-10-11T17:04:24 IST">
  <testcase classname="swimGDSAutomation.NegativeTC.NegativeManageBCNTest" name="EnterTheCharacterInStartingAndEndingNumberField_InManageBCNNumberSubmenu" time="12.364">
    <failure type="java.lang.AssertionError" message="Add button is enabled expected [true] but found [false]">
      <![CDATA[java.lang.AssertionError: Add button is enabled expected [true] but found [false]
at swimGDSAutomation.NegativeTC.NegativeManageBCNTest.EnterTheCharacterInStartingAndEndingNumberField_InManageBCNNumberSubmenu(NegativeManageBCNTest.java:280)
at java.base/java.util.ArrayList.forEach(ArrayList.java:1511)
... Removed 30 stack frames]]>
    </failure>
  </testcase> <!-- EnterTheCharacterInStartingAndEndingNumberField_InManageBCNNumberSubmenu -->
  <testcase classname="swimGDSAutomation.NegativeTC.NegativeManageBCNTest" name="EnterTheSpecialCharacterInStartingAndEndingNumberField_InManageBCNNumberSubmenu" time="12.903"/>
  <testcase classname="swimGDSAutomation.NegativeTC.NegativeManageBCNTest" name="WithoutInsertingNumbersInField_ClickOnSubmitButton_InManageBCNNumberSubmenu" time="11.786"/>
  <testcase classname="swimGDSAutomation.NegativeTC.NegativeManageBCNTest" name="InsertOnlyStartingNumber_AndClickOnSubmitButton_InManageBCNNumberSubmenu" time="14.877"/>
  <testcase classname="swimGDSAutomation.NegativeTC.NegativeManageBCNTest" name="InsertOnlyEndingNumber_AndClickOnSubmitButton_InManageBCNNumberSubmenu" time="11.954"/>
  <testcase classname="swimGDSAutomation.NegativeTC.NegativeManageBCNTest" name="EnterIdenticalNumberInBothFields_AndClickOnSubmitButton_InManageBCNNumberSubmenu" time="15.934"/>
  <testcase classname="swimGDSAutomation.NegativeTC.NegativeManageBCNTest" name="EnterNegativeValuesInStartingAndEndingNumberField_InManageBCNNumberSubmenu" time="13.398"/>
  <testcase classname="swimGDSAutomation.NegativeTC.NegativeManageBCNTest" name="EnterMaximumNumbersInField_AndClickOnSubmitButton_InManageBCNNumberSubmenu" time="15.932"/>
  <testcase classname="swimGDSAutomation.NegativeTC.NegativeManageBCNTest" name="EnterDuplicateBCNNumberRange_AndVerifySubmition" time="25.507">
    <failure type="org.openqa.selenium.NoSuchElementException" message="no such element: Unable to locate element: {&amp;quot;method&amp;quot;:&amp;quot;xpath&amp;quot;,&amp;quot;selector&amp;quot;:&amp;quot;//*[@class=&amp;apos;alert alert-danger&amp;apos;]&amp;quot;}
  (Session info: chrome=117.0.5938.149)
For documentation on this error, please visit: https://www.selenium.dev/documentation/webdriver/troubleshooting/errors#no-such-element-exception
Build info: version: &amp;apos;4.11.0&amp;apos;, revision: &amp;apos;040bc5406b&amp;apos;
System info: os.name: &amp;apos;Mac OS X&amp;apos;, os.arch: &amp;apos;x86_64&amp;apos;, os.version: &amp;apos;10.16&amp;apos;, java.version: &amp;apos;15.0.1&amp;apos;
Driver info: org.openqa.selenium.chrome.ChromeDriver
Command: [81153b9aab29eaaf961b987076f417e1, findElement {using=xpath, value=//*[@class=&amp;apos;alert alert-danger&amp;apos;]}]
Capabilities {acceptInsecureCerts: false, browserName: chrome, browserVersion: 117.0.5938.149, chrome: {chromedriverVersion: 117.0.5938.149 (e3344ddefa1..., userDataDir: /var/folders/qp/wg7rvws16w7...}, fedcm:accounts: true, goog:chromeOptions: {debuggerAddress: localhost:50432}, networkConnectionEnabled: false, pageLoadStrategy: normal, platformName: mac, proxy: Proxy(), se:cdp: ws://localhost:50432/devtoo..., se:cdpVersion: 117.0.5938.149, setWindowRect: true, strictFileInteractability: false, timeouts: {implicit: 0, pageLoad: 300000, script: 30000}, unhandledPromptBehavior: dismiss and notify, webauthn:extension:credBlob: true, webauthn:extension:largeBlob: true, webauthn:extension:minPinLength: true, webauthn:extension:prf: true, webauthn:virtualAuthenticators: true}
Session ID: 81153b9aab29eaaf961b987076f417e1">
      <![CDATA[org.openqa.selenium.NoSuchElementException: no such element: Unable to locate element: {"method":"xpath","selector":"//*[@class='alert alert-danger']"}
  (Session info: chrome=117.0.5938.149)
For documentation on this error, please visit: https://www.selenium.dev/documentation/webdriver/troubleshooting/errors#no-such-element-exception
Build info: version: '4.11.0', revision: '040bc5406b'
System info: os.name: 'Mac OS X', os.arch: 'x86_64', os.version: '10.16', java.version: '15.0.1'
Driver info: org.openqa.selenium.chrome.ChromeDriver
Command: [81153b9aab29eaaf961b987076f417e1, findElement {using=xpath, value=//*[@class='alert alert-danger']}]
Capabilities {acceptInsecureCerts: false, browserName: chrome, browserVersion: 117.0.5938.149, chrome: {chromedriverVersion: 117.0.5938.149 (e3344ddefa1..., userDataDir: /var/folders/qp/wg7rvws16w7...}, fedcm:accounts: true, goog:chromeOptions: {debuggerAddress: localhost:50432}, networkConnectionEnabled: false, pageLoadStrategy: normal, platformName: mac, proxy: Proxy(), se:cdp: ws://localhost:50432/devtoo..., se:cdpVersion: 117.0.5938.149, setWindowRect: true, strictFileInteractability: false, timeouts: {implicit: 0, pageLoad: 300000, script: 30000}, unhandledPromptBehavior: dismiss and notify, webauthn:extension:credBlob: true, webauthn:extension:largeBlob: true, webauthn:extension:minPinLength: true, webauthn:extension:prf: true, webauthn:virtualAuthenticators: true}
Session ID: 81153b9aab29eaaf961b987076f417e1
at org.openqa.selenium.remote.codec.w3c.W3CHttpResponseCodec.createException(W3CHttpResponseCodec.java:200)
at org.openqa.selenium.remote.codec.w3c.W3CHttpResponseCodec.decode(W3CHttpResponseCodec.java:133)
at org.openqa.selenium.remote.codec.w3c.W3CHttpResponseCodec.decode(W3CHttpResponseCodec.java:52)
at org.openqa.selenium.remote.HttpCommandExecutor.execute(HttpCommandExecutor.java:191)
at org.openqa.selenium.remote.service.DriverCommandExecutor.invokeExecute(DriverCommandExecutor.java:196)
at org.openqa.selenium.remote.service.DriverCommandExecutor.execute(DriverCommandExecutor.java:171)
at org.openqa.selenium.remote.RemoteWebDriver.execute(RemoteWebDriver.java:518)
at org.openqa.selenium.remote.ElementLocation$ElementFinder$2.findElement(ElementLocation.java:165)
at org.openqa.selenium.remote.ElementLocation.findElement(ElementLocation.java:59)
at org.openqa.selenium.remote.RemoteWebDriver.findElement(RemoteWebDriver.java:355)
at org.openqa.selenium.remote.RemoteWebDriver.findElement(RemoteWebDriver.java:349)
at org.openqa.selenium.support.pagefactory.DefaultElementLocator.findElement(DefaultElementLocator.java:68)
at org.openqa.selenium.support.pagefactory.internal.LocatingElementHandler.invoke(LocatingElementHandler.java:38)
at com.sun.proxy.$Proxy17.isDisplayed(Unknown Source)
at swimGDSAutomation.AbstractComponents.AbstractComponentsMethods.failed_message(AbstractComponentsMethods.java:137)
at swimGDSAutomation.NegativeTC.NegativeManageBCNTest.EnterDuplicateBCNNumberRange_AndVerifySubmition(NegativeManageBCNTest.java:497)
at java.base/java.util.ArrayList.forEach(ArrayList.java:1511)
... Removed 32 stack frames]]>
    </failure>
  </testcase> <!-- EnterDuplicateBCNNumberRange_AndVerifySubmition -->
</testsuite> <!-- Negative Test cases -->
