<?xml version="1.0" encoding="UTF-8"?>
<!-- Generated by org.testng.reporters.JUnitXMLReporter -->
<testsuite ignored="0" hostname="C100-96s-iMac.local" failures="1" tests="14" name="Positive Test cases" time="1190.655" errors="0" timestamp="2023-09-13T16:03:59 IST">
  <testcase classname="swimGDSAutomation.PositiveTC.ReportWriterTest" name="ClickOnReportWriterSubmenu" time="20.77"/>
  <testcase classname="swimGDSAutomation.PositiveTC.ReportWriterTest" name="SelectOptionFromExportTypeDropdown" time="22.759"/>
  <testcase classname="swimGDSAutomation.PositiveTC.ReportWriterTest" name="SelectOptionFromColumnToExportDropdown" time="33.963"/>
  <testcase classname="swimGDSAutomation.PositiveTC.ReportWriterTest" name="SelectOptionAndClickOnExportQuerybutton" time="25.632"/>
  <testcase classname="swimGDSAutomation.PositiveTC.ReportWriterTest" name="ClickOnAddRuleButton" time="22.004"/>
  <testcase classname="swimGDSAutomation.PositiveTC.ReportWriterTest" name="ClickOnAddGroupButton" time="24.646"/>
  <testcase classname="swimGDSAutomation.PositiveTC.ReportWriterTest" name="SearchResultsUsingAddRuleOption_ANDGateLogic" time="24.442"/>
  <testcase classname="swimGDSAutomation.PositiveTC.ReportWriterTest" name="SearchResultsUsingAddRuleOption_ORGateLogic" time="38.931">
    <failure type="org.openqa.selenium.NoSuchElementException" message="no such element: Unable to locate element: {&amp;quot;method&amp;quot;:&amp;quot;xpath&amp;quot;,&amp;quot;selector&amp;quot;:&amp;quot;//*[@class=&amp;apos;alert alert-success&amp;apos;]&amp;quot;}
  (Session info: chrome=116.0.5845.187)
For documentation on this error, please visit: https://www.selenium.dev/documentation/webdriver/troubleshooting/errors#no-such-element-exception
Build info: version: &amp;apos;4.11.0&amp;apos;, revision: &amp;apos;040bc5406b&amp;apos;
System info: os.name: &amp;apos;Mac OS X&amp;apos;, os.arch: &amp;apos;x86_64&amp;apos;, os.version: &amp;apos;10.16&amp;apos;, java.version: &amp;apos;15.0.1&amp;apos;
Driver info: org.openqa.selenium.chrome.ChromeDriver
Command: [cf0b5a371525ec7a33794593ecf52876, findElement {using=xpath, value=//*[@class=&amp;apos;alert alert-success&amp;apos;]}]
Capabilities {acceptInsecureCerts: false, browserName: chrome, browserVersion: 116.0.5845.187, chrome: {chromedriverVersion: 116.0.5845.96 (1a3918166880..., userDataDir: /var/folders/qp/wg7rvws16w7...}, fedcm:accounts: true, goog:chromeOptions: {debuggerAddress: localhost:64230}, networkConnectionEnabled: false, pageLoadStrategy: normal, platformName: mac, proxy: Proxy(), se:cdp: ws://localhost:64230/devtoo..., se:cdpVersion: 116.0.5845.187, setWindowRect: true, strictFileInteractability: false, timeouts: {implicit: 0, pageLoad: 300000, script: 30000}, unhandledPromptBehavior: dismiss and notify, webauthn:extension:credBlob: true, webauthn:extension:largeBlob: true, webauthn:extension:minPinLength: true, webauthn:extension:prf: true, webauthn:virtualAuthenticators: true}
Session ID: cf0b5a371525ec7a33794593ecf52876">
      <![CDATA[org.openqa.selenium.NoSuchElementException: no such element: Unable to locate element: {"method":"xpath","selector":"//*[@class='alert alert-success']"}
  (Session info: chrome=116.0.5845.187)
For documentation on this error, please visit: https://www.selenium.dev/documentation/webdriver/troubleshooting/errors#no-such-element-exception
Build info: version: '4.11.0', revision: '040bc5406b'
System info: os.name: 'Mac OS X', os.arch: 'x86_64', os.version: '10.16', java.version: '15.0.1'
Driver info: org.openqa.selenium.chrome.ChromeDriver
Command: [cf0b5a371525ec7a33794593ecf52876, findElement {using=xpath, value=//*[@class='alert alert-success']}]
Capabilities {acceptInsecureCerts: false, browserName: chrome, browserVersion: 116.0.5845.187, chrome: {chromedriverVersion: 116.0.5845.96 (1a3918166880..., userDataDir: /var/folders/qp/wg7rvws16w7...}, fedcm:accounts: true, goog:chromeOptions: {debuggerAddress: localhost:64230}, networkConnectionEnabled: false, pageLoadStrategy: normal, platformName: mac, proxy: Proxy(), se:cdp: ws://localhost:64230/devtoo..., se:cdpVersion: 116.0.5845.187, setWindowRect: true, strictFileInteractability: false, timeouts: {implicit: 0, pageLoad: 300000, script: 30000}, unhandledPromptBehavior: dismiss and notify, webauthn:extension:credBlob: true, webauthn:extension:largeBlob: true, webauthn:extension:minPinLength: true, webauthn:extension:prf: true, webauthn:virtualAuthenticators: true}
Session ID: cf0b5a371525ec7a33794593ecf52876
at org.openqa.selenium.remote.codec.w3c.W3CHttpResponseCodec.createException(W3CHttpResponseCodec.java:200)
at org.openqa.selenium.remote.codec.w3c.W3CHttpResponseCodec.decode(W3CHttpResponseCodec.java:133)
at org.openqa.selenium.remote.codec.w3c.W3CHttpResponseCodec.decode(W3CHttpResponseCodec.java:52)
at org.openqa.selenium.remote.HttpCommandExecutor.execute(HttpCommandExecutor.java:191)
at org.openqa.selenium.remote.service.DriverCommandExecutor.invokeExecute(DriverCommandExecutor.java:196)
at org.openqa.selenium.remote.service.DriverCommandExecutor.execute(DriverCommandExecutor.java:171)
at org.openqa.selenium.remote.RemoteWebDriver.execute(RemoteWebDriver.java:518)
at org.openqa.selenium.remote.ElementLocation$ElementFinder$2.findElement(ElementLocation.java:165)
at org.openqa.selenium.remote.ElementLocation.findElement(ElementLocation.java:59)
at org.openqa.selenium.remote.RemoteWebDriver.findElement(RemoteWebDriver.java:355)
at org.openqa.selenium.remote.RemoteWebDriver.findElement(RemoteWebDriver.java:349)
at org.openqa.selenium.support.pagefactory.DefaultElementLocator.findElement(DefaultElementLocator.java:68)
at org.openqa.selenium.support.pagefactory.internal.LocatingElementHandler.invoke(LocatingElementHandler.java:38)
at com.sun.proxy.$Proxy17.isDisplayed(Unknown Source)
at swimGDSAutomation.AbstractComponents.AbstractComponentsMethods.Success_message(AbstractComponentsMethods.java:122)
at swimGDSAutomation.PositiveTC.ReportWriterTest.SearchResultsUsingAddRuleOption_ORGateLogic(ReportWriterTest.java:177)
at java.base/java.util.ArrayList.forEach(ArrayList.java:1511)
... Removed 32 stack frames]]>
    </failure>
  </testcase> <!-- SearchResultsUsingAddRuleOption_ORGateLogic -->
  <testcase classname="swimGDSAutomation.PositiveTC.ReportWriterTest" name="SearchResultsUsingAddRuleAndGroupOption_ANDGateLogic" time="23.37"/>
  <testcase classname="swimGDSAutomation.PositiveTC.ReportWriterTest" name="SearchResultsUsingAddRuleAndGroupOption_ORGateLogic" time="26.856"/>
  <testcase classname="swimGDSAutomation.PositiveTC.ReportWriterTest" name="ClickOnDeleteButtonForAddRuleOption" time="25.498"/>
  <testcase classname="swimGDSAutomation.PositiveTC.ReportWriterTest" name="ClickOnDeleteButtonForAddGroupOption" time="25.127"/>
  <testcase classname="swimGDSAutomation.PositiveTC.ReportWriterTest" name="ClickOnResetQueryButtonForAddRuleOption" time="27.45"/>
  <testcase classname="swimGDSAutomation.PositiveTC.ReportWriterTest" name="ClickOnResetQueryButtonForAddGroupOption" time="29.479"/>
</testsuite> <!-- Positive Test cases -->
