<?xml version="1.0" encoding="UTF-8"?>
<!-- Generated by org.testng.reporters.JUnitXMLReporter -->
<testsuite ignored="22" hostname="C100-96s-iMac.local" failures="1" tests="1" name="Default test" time="97.06" errors="0" timestamp="2023-09-20T17:58:47 IST">
  <testcase classname="swimGDSAutomation.NegativeTC.NegativeMyAccountTest" name="EnterNumberInAllField_ClickSaveBtn" time="37.779">
    <failure type="org.openqa.selenium.NoSuchElementException" message="no such element: Unable to locate element: {&amp;quot;method&amp;quot;:&amp;quot;xpath&amp;quot;,&amp;quot;selector&amp;quot;:&amp;quot;//*[text()=&amp;apos;This is a required field&amp;apos;]&amp;quot;}
  (Session info: chrome=116.0.5845.187)
For documentation on this error, please visit: https://www.selenium.dev/documentation/webdriver/troubleshooting/errors#no-such-element-exception
Build info: version: &amp;apos;4.11.0&amp;apos;, revision: &amp;apos;040bc5406b&amp;apos;
System info: os.name: &amp;apos;Mac OS X&amp;apos;, os.arch: &amp;apos;x86_64&amp;apos;, os.version: &amp;apos;10.16&amp;apos;, java.version: &amp;apos;15.0.1&amp;apos;
Driver info: org.openqa.selenium.chrome.ChromeDriver
Command: [8f976f455f6b7331a7be013b59cfdb4b, findElement {using=xpath, value=//*[text()=&amp;apos;This is a required field&amp;apos;]}]
Capabilities {acceptInsecureCerts: false, browserName: chrome, browserVersion: 116.0.5845.187, chrome: {chromedriverVersion: 116.0.5845.96 (1a3918166880..., userDataDir: /var/folders/qp/wg7rvws16w7...}, fedcm:accounts: true, goog:chromeOptions: {debuggerAddress: localhost:59298}, networkConnectionEnabled: false, pageLoadStrategy: normal, platformName: mac, proxy: Proxy(), se:cdp: ws://localhost:59298/devtoo..., se:cdpVersion: 116.0.5845.187, setWindowRect: true, strictFileInteractability: false, timeouts: {implicit: 0, pageLoad: 300000, script: 30000}, unhandledPromptBehavior: dismiss and notify, webauthn:extension:credBlob: true, webauthn:extension:largeBlob: true, webauthn:extension:minPinLength: true, webauthn:extension:prf: true, webauthn:virtualAuthenticators: true}
Session ID: 8f976f455f6b7331a7be013b59cfdb4b">
      <![CDATA[org.openqa.selenium.NoSuchElementException: no such element: Unable to locate element: {"method":"xpath","selector":"//*[text()='This is a required field']"}
  (Session info: chrome=116.0.5845.187)
For documentation on this error, please visit: https://www.selenium.dev/documentation/webdriver/troubleshooting/errors#no-such-element-exception
Build info: version: '4.11.0', revision: '040bc5406b'
System info: os.name: 'Mac OS X', os.arch: 'x86_64', os.version: '10.16', java.version: '15.0.1'
Driver info: org.openqa.selenium.chrome.ChromeDriver
Command: [8f976f455f6b7331a7be013b59cfdb4b, findElement {using=xpath, value=//*[text()='This is a required field']}]
Capabilities {acceptInsecureCerts: false, browserName: chrome, browserVersion: 116.0.5845.187, chrome: {chromedriverVersion: 116.0.5845.96 (1a3918166880..., userDataDir: /var/folders/qp/wg7rvws16w7...}, fedcm:accounts: true, goog:chromeOptions: {debuggerAddress: localhost:59298}, networkConnectionEnabled: false, pageLoadStrategy: normal, platformName: mac, proxy: Proxy(), se:cdp: ws://localhost:59298/devtoo..., se:cdpVersion: 116.0.5845.187, setWindowRect: true, strictFileInteractability: false, timeouts: {implicit: 0, pageLoad: 300000, script: 30000}, unhandledPromptBehavior: dismiss and notify, webauthn:extension:credBlob: true, webauthn:extension:largeBlob: true, webauthn:extension:minPinLength: true, webauthn:extension:prf: true, webauthn:virtualAuthenticators: true}
Session ID: 8f976f455f6b7331a7be013b59cfdb4b
at java.base/jdk.internal.reflect.NativeConstructorAccessorImpl.newInstance0(Native Method)
at java.base/jdk.internal.reflect.NativeConstructorAccessorImpl.newInstance(NativeConstructorAccessorImpl.java:64)
at java.base/jdk.internal.reflect.DelegatingConstructorAccessorImpl.newInstance(DelegatingConstructorAccessorImpl.java:45)
at java.base/java.lang.reflect.Constructor.newInstanceWithCaller(Constructor.java:500)
at java.base/java.lang.reflect.Constructor.newInstance(Constructor.java:481)
at org.openqa.selenium.remote.codec.w3c.W3CHttpResponseCodec.createException(W3CHttpResponseCodec.java:200)
at org.openqa.selenium.remote.codec.w3c.W3CHttpResponseCodec.decode(W3CHttpResponseCodec.java:133)
at org.openqa.selenium.remote.codec.w3c.W3CHttpResponseCodec.decode(W3CHttpResponseCodec.java:52)
at org.openqa.selenium.remote.HttpCommandExecutor.execute(HttpCommandExecutor.java:191)
at org.openqa.selenium.remote.service.DriverCommandExecutor.invokeExecute(DriverCommandExecutor.java:196)
at org.openqa.selenium.remote.service.DriverCommandExecutor.execute(DriverCommandExecutor.java:171)
at org.openqa.selenium.remote.RemoteWebDriver.execute(RemoteWebDriver.java:518)
at org.openqa.selenium.remote.ElementLocation$ElementFinder$2.findElement(ElementLocation.java:165)
at org.openqa.selenium.remote.ElementLocation.findElement(ElementLocation.java:59)
at org.openqa.selenium.remote.RemoteWebDriver.findElement(RemoteWebDriver.java:355)
at org.openqa.selenium.remote.RemoteWebDriver.findElement(RemoteWebDriver.java:349)
at org.openqa.selenium.support.pagefactory.DefaultElementLocator.findElement(DefaultElementLocator.java:68)
at org.openqa.selenium.support.pagefactory.internal.LocatingElementHandler.invoke(LocatingElementHandler.java:38)
at com.sun.proxy.$Proxy16.getWrappedElement(Unknown Source)
at org.openqa.selenium.remote.internal.WebElementToJsonConverter.apply(WebElementToJsonConverter.java:51)
at java.base/java.util.stream.ReferencePipeline$3$1.accept(ReferencePipeline.java:195)
at java.base/java.util.Spliterators$ArraySpliterator.forEachRemaining(Spliterators.java:948)
at java.base/java.util.stream.AbstractPipeline.copyInto(AbstractPipeline.java:484)
at java.base/java.util.stream.AbstractPipeline.wrapAndCopyInto(AbstractPipeline.java:474)
at java.base/java.util.stream.ReduceOps$ReduceOp.evaluateSequential(ReduceOps.java:913)
at java.base/java.util.stream.AbstractPipeline.evaluate(AbstractPipeline.java:234)
at java.base/java.util.stream.ReferencePipeline.collect(ReferencePipeline.java:578)
at org.openqa.selenium.remote.RemoteWebDriver.executeScript(RemoteWebDriver.java:461)
at swimGDSAutomation.AbstractComponents.AbstractComponentsMethods.scrollToElement(AbstractComponentsMethods.java:46)
at swimGDSAutomation.pageclass.MyAccountPage.Validation_state(MyAccountPage.java:102)
at swimGDSAutomation.NegativeTC.NegativeMyAccountTest.EnterNumberInAllField_ClickSaveBtn(NegativeMyAccountTest.java:122)
at java.base/jdk.internal.reflect.NativeMethodAccessorImpl.invoke0(Native Method)
at java.base/jdk.internal.reflect.NativeMethodAccessorImpl.invoke(NativeMethodAccessorImpl.java:64)
at java.base/jdk.internal.reflect.DelegatingMethodAccessorImpl.invoke(DelegatingMethodAccessorImpl.java:43)
at java.base/java.lang.reflect.Method.invoke(Method.java:564)
at org.testng.internal.invokers.MethodInvocationHelper.invokeMethod(MethodInvocationHelper.java:139)
at org.testng.internal.invokers.TestInvoker.invokeMethod(TestInvoker.java:677)
at org.testng.internal.invokers.TestInvoker.invokeTestMethod(TestInvoker.java:221)
at org.testng.internal.invokers.MethodRunner.runInSequence(MethodRunner.java:50)
at org.testng.internal.invokers.TestInvoker$MethodInvocationAgent.invoke(TestInvoker.java:969)
at org.testng.internal.invokers.TestInvoker.invokeTestMethods(TestInvoker.java:194)
at org.testng.internal.invokers.TestMethodWorker.invokeTestMethods(TestMethodWorker.java:148)
at org.testng.internal.invokers.TestMethodWorker.run(TestMethodWorker.java:128)
at java.base/java.util.ArrayList.forEach(ArrayList.java:1511)
at org.testng.TestRunner.privateRun(TestRunner.java:829)
at org.testng.TestRunner.run(TestRunner.java:602)
at org.testng.SuiteRunner.runTest(SuiteRunner.java:437)
at org.testng.SuiteRunner.runSequentially(SuiteRunner.java:431)
at org.testng.SuiteRunner.privateRun(SuiteRunner.java:391)
at org.testng.SuiteRunner.run(SuiteRunner.java:330)
at org.testng.SuiteRunnerWorker.runSuite(SuiteRunnerWorker.java:52)
at org.testng.SuiteRunnerWorker.run(SuiteRunnerWorker.java:95)
at org.testng.TestNG.runSuitesSequentially(TestNG.java:1256)
at org.testng.TestNG.runSuitesLocally(TestNG.java:1176)
at org.testng.TestNG.runSuites(TestNG.java:1099)
at org.testng.TestNG.run(TestNG.java:1067)
at org.testng.remote.AbstractRemoteTestNG.run(AbstractRemoteTestNG.java:115)
at org.testng.remote.RemoteTestNG.initAndRun(RemoteTestNG.java:251)
at org.testng.remote.RemoteTestNG.main(RemoteTestNG.java:77)
]]>
    </failure>
  </testcase> <!-- EnterNumberInAllField_ClickSaveBtn -->
  <testcase classname="swimGDSAutomation.NegativeTC.NegativeMyAccountTest" name="InsertBlankInAllFields_ClickSaveBtn" time="0.0">
    <ignored/>
  </testcase> <!-- InsertBlankInAllFields_ClickSaveBtn -->
  <testcase classname="swimGDSAutomation.NegativeTC.NegativeMyAccountTest" name="InsertNumbersInMobileField_WithoutSelectingDialCode_ClickSaveBtn" time="0.0">
    <ignored/>
  </testcase> <!-- InsertNumbersInMobileField_WithoutSelectingDialCode_ClickSaveBtn -->
  <testcase classname="swimGDSAutomation.NegativeTC.NegativeMyAccountTest" name="ClickSaveBtn_WithoutInsertingNewNConfirmPasswordDetails_ButInsertingInCorrectOldPassword" time="0.0">
    <ignored/>
  </testcase> <!-- ClickSaveBtn_WithoutInsertingNewNConfirmPasswordDetails_ButInsertingInCorrectOldPassword -->
  <testcase classname="swimGDSAutomation.NegativeTC.NegativeMyAccountTest" name="InsertNumbersInAllFields_ClickSaveBankBtn" time="0.0">
    <ignored/>
  </testcase> <!-- InsertNumbersInAllFields_ClickSaveBankBtn -->
  <testcase classname="swimGDSAutomation.NegativeTC.NegativeMyAccountTest" name="InsertNumbersInAllFields_ClickSaveBtn" time="0.0">
    <ignored/>
  </testcase> <!-- InsertNumbersInAllFields_ClickSaveBtn -->
  <testcase classname="swimGDSAutomation.NegativeTC.NegativeMyAccountTest" name="EnterBlankInAllField_ClickSaveBtn" time="0.0">
    <ignored/>
  </testcase> <!-- EnterBlankInAllField_ClickSaveBtn -->
  <testcase classname="swimGDSAutomation.NegativeTC.NegativeMyAccountTest" name="WithoutInsertingValues_clickSaveBtn" time="0.0">
    <ignored/>
  </testcase> <!-- WithoutInsertingValues_clickSaveBtn -->
  <testcase classname="swimGDSAutomation.NegativeTC.NegativeMyAccountTest" name="EnterBlankSpaceInAllField_ClickSaveBtn" time="0.0">
    <ignored/>
  </testcase> <!-- EnterBlankSpaceInAllField_ClickSaveBtn -->
  <testcase classname="swimGDSAutomation.NegativeTC.NegativeMyAccountTest" name="ChangePasswordByInserting_IncorrectOldPassword" time="0.0">
    <ignored/>
  </testcase> <!-- ChangePasswordByInserting_IncorrectOldPassword -->
  <testcase classname="swimGDSAutomation.NegativeTC.NegativeMyAccountTest" name="ChangePasswordByInserting_Misma" time="0.0">
    <ignored/>
  </testcase> <!-- ChangePasswordByInserting_Misma -->
  <testcase classname="swimGDSAutomation.NegativeTC.NegativeMyAccountTest" name="InsertBlankInAllField_ClickSaveBtn" time="0.0">
    <ignored/>
  </testcase> <!-- InsertBlankInAllField_ClickSaveBtn -->
  <testcase classname="swimGDSAutomation.NegativeTC.NegativeMyAccountTest" name="VerifySecurityDetailsChange" time="0.0">
    <ignored/>
  </testcase> <!-- VerifySecurityDetailsChange -->
  <testcase classname="swimGDSAutomation.NegativeTC.NegativeMyAccountTest" name="ClickSaveBtn_WithoutInsertingNewNConfirmPasswordDetails_ButInsertingCorrectOldPassword" time="0.0">
    <ignored/>
  </testcase> <!-- ClickSaveBtn_WithoutInsertingNewNConfirmPasswordDetails_ButInsertingCorrectOldPassword -->
  <testcase classname="swimGDSAutomation.NegativeTC.NegativeMyAccountTest" name="InsertingSpecialCharacter_ClickSaveBtn" time="0.0">
    <ignored/>
  </testcase> <!-- InsertingSpecialCharacter_ClickSaveBtn -->
  <testcase classname="swimGDSAutomation.NegativeTC.NegativeMyAccountTest" name="EnterCharInAllField_ClickSaveBtn" time="0.0">
    <ignored/>
  </testcase> <!-- EnterCharInAllField_ClickSaveBtn -->
  <testcase classname="swimGDSAutomation.NegativeTC.NegativeMyAccountTest" name="SelectDialCode_WithoutInsertingMobileNumber_ClickSaveBtn" time="0.0">
    <ignored/>
  </testcase> <!-- SelectDialCode_WithoutInsertingMobileNumber_ClickSaveBtn -->
  <testcase classname="swimGDSAutomation.NegativeTC.NegativeMyAccountTest" name="InsertBlankSpaceInAllFields_ClickSaveBtn" time="0.0">
    <ignored/>
  </testcase> <!-- InsertBlankSpaceInAllFields_ClickSaveBtn -->
  <testcase classname="swimGDSAutomation.NegativeTC.NegativeMyAccountTest" name="InsertOnlyCurrentPassword_ClickUpdateBtn" time="0.0">
    <ignored/>
  </testcase> <!-- InsertOnlyCurrentPassword_ClickUpdateBtn -->
  <testcase classname="swimGDSAutomation.NegativeTC.NegativeMyAccountTest" name="InsertInCorrectPassword_ClickUpdateBtn" time="0.0">
    <ignored/>
  </testcase> <!-- InsertInCorrectPassword_ClickUpdateBtn -->
  <testcase classname="swimGDSAutomation.NegativeTC.NegativeMyAccountTest" name="ClickSaveBtnWithoutInsertingPasswordDetails" time="0.0">
    <ignored/>
  </testcase> <!-- ClickSaveBtnWithoutInsertingPasswordDetails -->
  <testcase classname="swimGDSAutomation.NegativeTC.NegativeMyAccountTest" name="EnterCharacterInMobileField_ClickSaveBtn" time="0.0">
    <ignored/>
  </testcase> <!-- EnterCharacterInMobileField_ClickSaveBtn -->
  <testcase classname="swimGDSAutomation.NegativeTC.NegativeMyAccountTest" name="InsertBlankSpaceInAllFields_ClickSaveBankBtn" time="0.0">
    <ignored/>
  </testcase> <!-- InsertBlankSpaceInAllFields_ClickSaveBankBtn -->
</testsuite> <!-- Default test -->
