<?xml version="1.0" encoding="UTF-8"?>
<!-- Generated by org.testng.reporters.JUnitXMLReporter -->
<testsuite ignored="0" hostname="C100-96s-iMac.local" failures="2" tests="20" name="Positive Test cases" time="1803.128" errors="0" timestamp="2023-09-21T12:28:31 IST">
  <testcase classname="swimGDSAutomation.PositiveTC.ManageTEUSlotsTest" name="ClickOnManageTEUSlotsMenu" time="18.337"/>
  <testcase classname="swimGDSAutomation.PositiveTC.ManageTEUSlotsTest" name="ClickOnCSVUploadSlotSubmenu" time="18.777"/>
  <testcase classname="swimGDSAutomation.PositiveTC.ManageTEUSlotsTest" name="ClickOnDownloadCSVTemplateFile" time="17.547"/>
  <testcase classname="swimGDSAutomation.PositiveTC.ManageTEUSlotsTest" name="ClickOnSpecifyMonthOrYearField" time="27.984"/>
  <testcase classname="swimGDSAutomation.PositiveTC.ManageTEUSlotsTest" name="SelectMonthOrYearOption" time="18.391"/>
  <testcase classname="swimGDSAutomation.PositiveTC.ManageTEUSlotsTest" name="ClickOnChooseFileField" time="19.492"/>
  <testcase classname="swimGDSAutomation.PositiveTC.ManageTEUSlotsTest" name="ClickOnCSVListSlotSubmenu" time="17.541"/>
  <testcase classname="swimGDSAutomation.PositiveTC.ManageTEUSlotsTest" name="ClickPaginationForSwitchingThePage" time="23.969"/>
  <testcase classname="swimGDSAutomation.PositiveTC.ManageTEUSlotsTest" name="ClickUpArrowOfMonthcolumn" time="55.762"/>
  <testcase classname="swimGDSAutomation.PositiveTC.ManageTEUSlotsTest" name="ClickDownArrowOfMonthcolumn" time="20.96"/>
  <testcase classname="swimGDSAutomation.PositiveTC.ManageTEUSlotsTest" name="ClickOnInventoryUpdateSubmenu" time="128.788"/>
  <testcase classname="swimGDSAutomation.PositiveTC.ManageTEUSlotsTest" name="EnterVoyageAndClickOnSearchButton" time="19.405"/>
  <testcase classname="swimGDSAutomation.PositiveTC.ManageTEUSlotsTest" name="EnterNewQunatityInFields" time="21.057"/>
  <testcase classname="swimGDSAutomation.PositiveTC.ManageTEUSlotsTest" name="ClickArrowToIncreaseQuantity" time="31.803">
    <failure type="org.openqa.selenium.NoSuchElementException" message="no such element: Unable to locate element: {&amp;quot;method&amp;quot;:&amp;quot;xpath&amp;quot;,&amp;quot;selector&amp;quot;:&amp;quot;//*[@id=&amp;apos;voyage-number-js&amp;apos;]&amp;quot;}
  (Session info: chrome=116.0.5845.187)
For documentation on this error, please visit: https://www.selenium.dev/documentation/webdriver/troubleshooting/errors#no-such-element-exception
Build info: version: &amp;apos;4.11.0&amp;apos;, revision: &amp;apos;040bc5406b&amp;apos;
System info: os.name: &amp;apos;Mac OS X&amp;apos;, os.arch: &amp;apos;x86_64&amp;apos;, os.version: &amp;apos;10.16&amp;apos;, java.version: &amp;apos;15.0.1&amp;apos;
Driver info: org.openqa.selenium.chrome.ChromeDriver
Command: [29a7bd7bcc27745c8c3e9123fda6a9c3, findElement {using=xpath, value=//*[@id=&amp;apos;voyage-number-js&amp;apos;]}]
Capabilities {acceptInsecureCerts: false, browserName: chrome, browserVersion: 116.0.5845.187, chrome: {chromedriverVersion: 116.0.5845.96 (1a3918166880..., userDataDir: /var/folders/qp/wg7rvws16w7...}, fedcm:accounts: true, goog:chromeOptions: {debuggerAddress: localhost:62804}, networkConnectionEnabled: false, pageLoadStrategy: normal, platformName: mac, proxy: Proxy(), se:cdp: ws://localhost:62804/devtoo..., se:cdpVersion: 116.0.5845.187, setWindowRect: true, strictFileInteractability: false, timeouts: {implicit: 0, pageLoad: 300000, script: 30000}, unhandledPromptBehavior: dismiss and notify, webauthn:extension:credBlob: true, webauthn:extension:largeBlob: true, webauthn:extension:minPinLength: true, webauthn:extension:prf: true, webauthn:virtualAuthenticators: true}
Session ID: 29a7bd7bcc27745c8c3e9123fda6a9c3">
      <![CDATA[org.openqa.selenium.NoSuchElementException: no such element: Unable to locate element: {"method":"xpath","selector":"//*[@id='voyage-number-js']"}
  (Session info: chrome=116.0.5845.187)
For documentation on this error, please visit: https://www.selenium.dev/documentation/webdriver/troubleshooting/errors#no-such-element-exception
Build info: version: '4.11.0', revision: '040bc5406b'
System info: os.name: 'Mac OS X', os.arch: 'x86_64', os.version: '10.16', java.version: '15.0.1'
Driver info: org.openqa.selenium.chrome.ChromeDriver
Command: [29a7bd7bcc27745c8c3e9123fda6a9c3, findElement {using=xpath, value=//*[@id='voyage-number-js']}]
Capabilities {acceptInsecureCerts: false, browserName: chrome, browserVersion: 116.0.5845.187, chrome: {chromedriverVersion: 116.0.5845.96 (1a3918166880..., userDataDir: /var/folders/qp/wg7rvws16w7...}, fedcm:accounts: true, goog:chromeOptions: {debuggerAddress: localhost:62804}, networkConnectionEnabled: false, pageLoadStrategy: normal, platformName: mac, proxy: Proxy(), se:cdp: ws://localhost:62804/devtoo..., se:cdpVersion: 116.0.5845.187, setWindowRect: true, strictFileInteractability: false, timeouts: {implicit: 0, pageLoad: 300000, script: 30000}, unhandledPromptBehavior: dismiss and notify, webauthn:extension:credBlob: true, webauthn:extension:largeBlob: true, webauthn:extension:minPinLength: true, webauthn:extension:prf: true, webauthn:virtualAuthenticators: true}
Session ID: 29a7bd7bcc27745c8c3e9123fda6a9c3
at org.openqa.selenium.remote.codec.w3c.W3CHttpResponseCodec.createException(W3CHttpResponseCodec.java:200)
at org.openqa.selenium.remote.codec.w3c.W3CHttpResponseCodec.decode(W3CHttpResponseCodec.java:133)
at org.openqa.selenium.remote.codec.w3c.W3CHttpResponseCodec.decode(W3CHttpResponseCodec.java:52)
at org.openqa.selenium.remote.HttpCommandExecutor.execute(HttpCommandExecutor.java:191)
at org.openqa.selenium.remote.service.DriverCommandExecutor.invokeExecute(DriverCommandExecutor.java:196)
at org.openqa.selenium.remote.service.DriverCommandExecutor.execute(DriverCommandExecutor.java:171)
at org.openqa.selenium.remote.RemoteWebDriver.execute(RemoteWebDriver.java:518)
at org.openqa.selenium.remote.ElementLocation$ElementFinder$2.findElement(ElementLocation.java:165)
at org.openqa.selenium.remote.ElementLocation.findElement(ElementLocation.java:59)
at org.openqa.selenium.remote.RemoteWebDriver.findElement(RemoteWebDriver.java:355)
at org.openqa.selenium.remote.RemoteWebDriver.findElement(RemoteWebDriver.java:349)
at org.openqa.selenium.support.pagefactory.DefaultElementLocator.findElement(DefaultElementLocator.java:68)
at org.openqa.selenium.support.pagefactory.internal.LocatingElementHandler.invoke(LocatingElementHandler.java:38)
at com.sun.proxy.$Proxy17.sendKeys(Unknown Source)
at swimGDSAutomation.pageclass.ManageTEUSlotsPage.Enter_voyage(ManageTEUSlotsPage.java:288)
at swimGDSAutomation.PositiveTC.ManageTEUSlotsTest.ClickArrowToIncreaseQuantity(ManageTEUSlotsTest.java:349)
at java.base/java.util.ArrayList.forEach(ArrayList.java:1511)
... Removed 32 stack frames]]>
    </failure>
  </testcase> <!-- ClickArrowToIncreaseQuantity -->
  <testcase classname="swimGDSAutomation.PositiveTC.ManageTEUSlotsTest" name="ClickArrowToDecreaseQuantity" time="25.815"/>
  <testcase classname="swimGDSAutomation.PositiveTC.ManageTEUSlotsTest" name="EnterNewQunatityInFieldsAndClickSubmitbutton" time="20.67"/>
  <testcase classname="swimGDSAutomation.PositiveTC.ManageTEUSlotsTest" name="ClickOnPriceOption" time="23.52"/>
  <testcase classname="swimGDSAutomation.PositiveTC.ManageTEUSlotsTest" name="EnterNewChargesInField" time="33.984">
    <failure type="org.openqa.selenium.NoSuchElementException" message="no such element: Unable to locate element: {&amp;quot;method&amp;quot;:&amp;quot;xpath&amp;quot;,&amp;quot;selector&amp;quot;:&amp;quot;//*[@id=&amp;apos;voyage-number-js&amp;apos;]&amp;quot;}
  (Session info: chrome=116.0.5845.187)
For documentation on this error, please visit: https://www.selenium.dev/documentation/webdriver/troubleshooting/errors#no-such-element-exception
Build info: version: &amp;apos;4.11.0&amp;apos;, revision: &amp;apos;040bc5406b&amp;apos;
System info: os.name: &amp;apos;Mac OS X&amp;apos;, os.arch: &amp;apos;x86_64&amp;apos;, os.version: &amp;apos;10.16&amp;apos;, java.version: &amp;apos;15.0.1&amp;apos;
Driver info: org.openqa.selenium.chrome.ChromeDriver
Command: [0bb20dd1ad7e0f5e77018fa9cb932dbf, findElement {using=xpath, value=//*[@id=&amp;apos;voyage-number-js&amp;apos;]}]
Capabilities {acceptInsecureCerts: false, browserName: chrome, browserVersion: 116.0.5845.187, chrome: {chromedriverVersion: 116.0.5845.96 (1a3918166880..., userDataDir: /var/folders/qp/wg7rvws16w7...}, fedcm:accounts: true, goog:chromeOptions: {debuggerAddress: localhost:62959}, networkConnectionEnabled: false, pageLoadStrategy: normal, platformName: mac, proxy: Proxy(), se:cdp: ws://localhost:62959/devtoo..., se:cdpVersion: 116.0.5845.187, setWindowRect: true, strictFileInteractability: false, timeouts: {implicit: 0, pageLoad: 300000, script: 30000}, unhandledPromptBehavior: dismiss and notify, webauthn:extension:credBlob: true, webauthn:extension:largeBlob: true, webauthn:extension:minPinLength: true, webauthn:extension:prf: true, webauthn:virtualAuthenticators: true}
Session ID: 0bb20dd1ad7e0f5e77018fa9cb932dbf">
      <![CDATA[org.openqa.selenium.NoSuchElementException: no such element: Unable to locate element: {"method":"xpath","selector":"//*[@id='voyage-number-js']"}
  (Session info: chrome=116.0.5845.187)
For documentation on this error, please visit: https://www.selenium.dev/documentation/webdriver/troubleshooting/errors#no-such-element-exception
Build info: version: '4.11.0', revision: '040bc5406b'
System info: os.name: 'Mac OS X', os.arch: 'x86_64', os.version: '10.16', java.version: '15.0.1'
Driver info: org.openqa.selenium.chrome.ChromeDriver
Command: [0bb20dd1ad7e0f5e77018fa9cb932dbf, findElement {using=xpath, value=//*[@id='voyage-number-js']}]
Capabilities {acceptInsecureCerts: false, browserName: chrome, browserVersion: 116.0.5845.187, chrome: {chromedriverVersion: 116.0.5845.96 (1a3918166880..., userDataDir: /var/folders/qp/wg7rvws16w7...}, fedcm:accounts: true, goog:chromeOptions: {debuggerAddress: localhost:62959}, networkConnectionEnabled: false, pageLoadStrategy: normal, platformName: mac, proxy: Proxy(), se:cdp: ws://localhost:62959/devtoo..., se:cdpVersion: 116.0.5845.187, setWindowRect: true, strictFileInteractability: false, timeouts: {implicit: 0, pageLoad: 300000, script: 30000}, unhandledPromptBehavior: dismiss and notify, webauthn:extension:credBlob: true, webauthn:extension:largeBlob: true, webauthn:extension:minPinLength: true, webauthn:extension:prf: true, webauthn:virtualAuthenticators: true}
Session ID: 0bb20dd1ad7e0f5e77018fa9cb932dbf
at org.openqa.selenium.remote.codec.w3c.W3CHttpResponseCodec.createException(W3CHttpResponseCodec.java:200)
at org.openqa.selenium.remote.codec.w3c.W3CHttpResponseCodec.decode(W3CHttpResponseCodec.java:133)
at org.openqa.selenium.remote.codec.w3c.W3CHttpResponseCodec.decode(W3CHttpResponseCodec.java:52)
at org.openqa.selenium.remote.HttpCommandExecutor.execute(HttpCommandExecutor.java:191)
at org.openqa.selenium.remote.service.DriverCommandExecutor.invokeExecute(DriverCommandExecutor.java:196)
at org.openqa.selenium.remote.service.DriverCommandExecutor.execute(DriverCommandExecutor.java:171)
at org.openqa.selenium.remote.RemoteWebDriver.execute(RemoteWebDriver.java:518)
at org.openqa.selenium.remote.ElementLocation$ElementFinder$2.findElement(ElementLocation.java:165)
at org.openqa.selenium.remote.ElementLocation.findElement(ElementLocation.java:59)
at org.openqa.selenium.remote.RemoteWebDriver.findElement(RemoteWebDriver.java:355)
at org.openqa.selenium.remote.RemoteWebDriver.findElement(RemoteWebDriver.java:349)
at org.openqa.selenium.support.pagefactory.DefaultElementLocator.findElement(DefaultElementLocator.java:68)
at org.openqa.selenium.support.pagefactory.internal.LocatingElementHandler.invoke(LocatingElementHandler.java:38)
at com.sun.proxy.$Proxy17.sendKeys(Unknown Source)
at swimGDSAutomation.pageclass.ManageTEUSlotsPage.Enter_voyage(ManageTEUSlotsPage.java:288)
at swimGDSAutomation.PositiveTC.ManageTEUSlotsTest.EnterNewChargesInField(ManageTEUSlotsTest.java:440)
at java.base/java.util.ArrayList.forEach(ArrayList.java:1511)
... Removed 32 stack frames]]>
    </failure>
  </testcase> <!-- EnterNewChargesInField -->
  <testcase classname="swimGDSAutomation.PositiveTC.ManageTEUSlotsTest" name="EnterPriceInFieldsAndClickSubmit" time="20.868"/>
  <testcase classname="swimGDSAutomation.PositiveTC.ManageTEUSlotsTest" name="LogoutFromInventoryUpdateSubmenu" time="17.384"/>
</testsuite> <!-- Positive Test cases -->
