<?xml version="1.0" encoding="UTF-8"?>
<!-- Generated by org.testng.reporters.JUnitXMLReporter -->
<testsuite ignored="0" hostname="C100-96s-iMac.local" failures="1" tests="6" name="Positive test cases" time="674.053" errors="0" timestamp="2023-08-23T11:08:07 IST">
  <testcase classname="swimGDSAutomation.PositiveTC.LoginTest" name="EnterEmailandPassword_clickBack" time="24.15">
    <failure type="java.lang.AssertionError" message="expected [https://demo.swimgds.com/seller/account-question] but found [https://demo.swimgds.com/]">
      <![CDATA[java.lang.AssertionError: expected [https://demo.swimgds.com/seller/account-question] but found [https://demo.swimgds.com/]
at swimGDSAutomation.PositiveTC.LoginTest.EnterEmailandPassword_clickBack(LoginTest.java:29)
at java.base/java.util.ArrayList.forEach(ArrayList.java:1511)
... Removed 33 stack frames]]>
    </failure>
  </testcase> <!-- EnterEmailandPassword_clickBack -->
  <testcase classname="swimGDSAutomation.PositiveTC.LoginTest" name="LoginWithValidCredentails" time="45.646"/>
  <testcase classname="swimGDSAutomation.PositiveTC.LoginTest" name="LoginWithValidCredentails_withPassIcon" time="43.207"/>
  <testcase classname="swimGDSAutomation.PositiveTC.LoginTest" name="LoginWithValidCredentails_withSelectedRememberMe" time="17.162"/>
  <testcase classname="swimGDSAutomation.PositiveTC.LoginTest" name="LoginWith_AllVisibleOptions" time="17.355"/>
  <testcase classname="swimGDSAutomation.PositiveTC.LoginTest" name="LoginAndLogout" time="17.755"/>
</testsuite> <!-- Positive test cases -->
