<?xml version="1.0" encoding="UTF-8"?>
<!-- Generated by org.testng.reporters.JUnitXMLReporter -->
<testsuite ignored="0" hostname="C100-96s-iMac.local" failures="2" tests="13" name="Positive Test cases" time="785.688" errors="0" timestamp="2023-09-08T16:44:31 IST">
  <testcase classname="swimGDSAutomation.PositiveTC.ReadyMadeTest" name="ClickBalancePayableSubmenu" time="17.623"/>
  <testcase classname="swimGDSAutomation.PositiveTC.ReadyMadeTest" name="SelectBuyerName" time="23.262">
    <failure type="java.lang.AssertionError" message="expected [DB Schenker] but found []">
      <![CDATA[java.lang.AssertionError: expected [DB Schenker] but found []
at swimGDSAutomation.PositiveTC.ReadyMadeTest.SelectBuyerName(ReadyMadeTest.java:55)
at java.base/java.util.ArrayList.forEach(ArrayList.java:1511)
... Removed 33 stack frames]]>
    </failure>
  </testcase> <!-- SelectBuyerName -->
  <testcase classname="swimGDSAutomation.PositiveTC.ReadyMadeTest" name="ClickViewButtonToViewDetails" time="0.0">
    <skipped/>
  </testcase> <!-- ClickViewButtonToViewDetails -->
  <testcase classname="swimGDSAutomation.PositiveTC.ReadyMadeTest" name="ChangeBuyerByClickingOnDropdownAgain" time="24.214">
    <failure type="java.lang.AssertionError" message="expected [THOMTT] but found [Test Cancel Voyage]">
      <![CDATA[java.lang.AssertionError: expected [THOMTT] but found [Test Cancel Voyage]
at swimGDSAutomation.PositiveTC.ReadyMadeTest.ChangeBuyerByClickingOnDropdownAgain(ReadyMadeTest.java:109)
at java.base/java.util.ArrayList.forEach(ArrayList.java:1511)
... Removed 33 stack frames]]>
    </failure>
  </testcase> <!-- ChangeBuyerByClickingOnDropdownAgain -->
  <testcase classname="swimGDSAutomation.PositiveTC.ReadyMadeTest" name="ClickSellersInventoryPositionReportSubmenu" time="20.915"/>
  <testcase classname="swimGDSAutomation.PositiveTC.ReadyMadeTest" name="ClickDownloadSellersInventoryPositionReportButton" time="24.876"/>
  <testcase classname="swimGDSAutomation.PositiveTC.ReadyMadeTest" name="ClickSellersSlotAvailabilityTrendReportSubmenu" time="18.301"/>
  <testcase classname="swimGDSAutomation.PositiveTC.ReadyMadeTest" name="ClickAscendingNDescendingArrows" time="25.692"/>
  <testcase classname="swimGDSAutomation.PositiveTC.ReadyMadeTest" name="ClickOnBillReportSubmenu" time="15.892"/>
  <testcase classname="swimGDSAutomation.PositiveTC.ReadyMadeTest" name="ClickUpNDownArrowOfSellerColoumn" time="21.318"/>
  <testcase classname="swimGDSAutomation.PositiveTC.ReadyMadeTest" name="ClickForwarderDropdownField" time="19.481"/>
  <testcase classname="swimGDSAutomation.PositiveTC.ReadyMadeTest" name="SelectForwarderOption" time="17.073"/>
  <testcase classname="swimGDSAutomation.PositiveTC.ReadyMadeTest" name="ClickDownloadCSV" time="21.24"/>
</testsuite> <!-- Positive Test cases -->
