<?xml version="1.0" encoding="UTF-8"?>
<!-- Generated by org.testng.reporters.JUnitXMLReporter -->
<testsuite ignored="0" hostname="C100-96s-iMac.local" failures="0" tests="9" name="Negative test cases" time="421.505" errors="0" timestamp="2023-08-31T19:23:46 IST">
  <testcase classname="swimGDSAutomation.TestComponents.BaseClass" name="@BeforeMethod lanuchWebsite" time="11.974">
    <failure type="org.openqa.selenium.WebDriverException" message="unknown error: net::ERR_ADDRESS_UNREACHABLE
  (Session info: chrome=116.0.5845.110)
Build info: version: &amp;apos;4.11.0&amp;apos;, revision: &amp;apos;040bc5406b&amp;apos;
System info: os.name: &amp;apos;Mac OS X&amp;apos;, os.arch: &amp;apos;x86_64&amp;apos;, os.version: &amp;apos;10.16&amp;apos;, java.version: &amp;apos;15.0.1&amp;apos;
Driver info: org.openqa.selenium.chrome.ChromeDriver
Command: [f4b63bbde6d54784978861adba6105e8, get {url=https://demo.swimgds.com/}]
Capabilities {acceptInsecureCerts: false, browserName: chrome, browserVersion: 116.0.5845.110, chrome: {chromedriverVersion: 116.0.5845.96 (1a3918166880..., userDataDir: /var/folders/qp/wg7rvws16w7...}, fedcm:accounts: true, goog:chromeOptions: {debuggerAddress: localhost:63987}, networkConnectionEnabled: false, pageLoadStrategy: normal, platformName: mac, proxy: Proxy(), se:cdp: ws://localhost:63987/devtoo..., se:cdpVersion: 116.0.5845.110, setWindowRect: true, strictFileInteractability: false, timeouts: {implicit: 0, pageLoad: 300000, script: 30000}, unhandledPromptBehavior: dismiss and notify, webauthn:extension:credBlob: true, webauthn:extension:largeBlob: true, webauthn:extension:minPinLength: true, webauthn:extension:prf: true, webauthn:virtualAuthenticators: true}
Session ID: f4b63bbde6d54784978861adba6105e8">
      <![CDATA[org.openqa.selenium.WebDriverException: unknown error: net::ERR_ADDRESS_UNREACHABLE
  (Session info: chrome=116.0.5845.110)
Build info: version: '4.11.0', revision: '040bc5406b'
System info: os.name: 'Mac OS X', os.arch: 'x86_64', os.version: '10.16', java.version: '15.0.1'
Driver info: org.openqa.selenium.chrome.ChromeDriver
Command: [f4b63bbde6d54784978861adba6105e8, get {url=https://demo.swimgds.com/}]
Capabilities {acceptInsecureCerts: false, browserName: chrome, browserVersion: 116.0.5845.110, chrome: {chromedriverVersion: 116.0.5845.96 (1a3918166880..., userDataDir: /var/folders/qp/wg7rvws16w7...}, fedcm:accounts: true, goog:chromeOptions: {debuggerAddress: localhost:63987}, networkConnectionEnabled: false, pageLoadStrategy: normal, platformName: mac, proxy: Proxy(), se:cdp: ws://localhost:63987/devtoo..., se:cdpVersion: 116.0.5845.110, setWindowRect: true, strictFileInteractability: false, timeouts: {implicit: 0, pageLoad: 300000, script: 30000}, unhandledPromptBehavior: dismiss and notify, webauthn:extension:credBlob: true, webauthn:extension:largeBlob: true, webauthn:extension:minPinLength: true, webauthn:extension:prf: true, webauthn:virtualAuthenticators: true}
Session ID: f4b63bbde6d54784978861adba6105e8
at org.openqa.selenium.remote.codec.w3c.W3CHttpResponseCodec.createException(W3CHttpResponseCodec.java:200)
at org.openqa.selenium.remote.codec.w3c.W3CHttpResponseCodec.decode(W3CHttpResponseCodec.java:133)
at org.openqa.selenium.remote.codec.w3c.W3CHttpResponseCodec.decode(W3CHttpResponseCodec.java:52)
at org.openqa.selenium.remote.HttpCommandExecutor.execute(HttpCommandExecutor.java:191)
at org.openqa.selenium.remote.service.DriverCommandExecutor.invokeExecute(DriverCommandExecutor.java:196)
at org.openqa.selenium.remote.service.DriverCommandExecutor.execute(DriverCommandExecutor.java:171)
at org.openqa.selenium.remote.RemoteWebDriver.execute(RemoteWebDriver.java:518)
at org.openqa.selenium.remote.RemoteWebDriver.get(RemoteWebDriver.java:300)
at swimGDSAutomation.pageclass.LandingPage.launchURL(LandingPage.java:23)
at swimGDSAutomation.TestComponents.BaseClass.lanuchWebsite(BaseClass.java:37)
at java.base/java.util.ArrayList.forEach(ArrayList.java:1511)
... Removed 36 stack frames]]>
    </failure>
  </testcase> <!-- @BeforeMethod lanuchWebsite -->
  <testcase classname="swimGDSAutomation.TestComponents.BaseClass" name="@AfterMethod tearDown" time="0.0">
    <skipped/>
  </testcase> <!-- @AfterMethod tearDown -->
  <testcase classname="swimGDSAutomation.TestComponents.BaseClass" name="@BeforeMethod lanuchWebsite" time="0.0">
    <skipped/>
  </testcase> <!-- @BeforeMethod lanuchWebsite -->
  <testcase classname="swimGDSAutomation.TestComponents.BaseClass" name="@AfterMethod tearDown" time="0.0">
    <skipped/>
  </testcase> <!-- @AfterMethod tearDown -->
  <testcase classname="swimGDSAutomation.TestComponents.BaseClass" name="@BeforeMethod lanuchWebsite" time="0.0">
    <skipped/>
  </testcase> <!-- @BeforeMethod lanuchWebsite -->
  <testcase classname="swimGDSAutomation.TestComponents.BaseClass" name="@AfterMethod tearDown" time="0.0">
    <skipped/>
  </testcase> <!-- @AfterMethod tearDown -->
  <testcase classname="swimGDSAutomation.TestComponents.BaseClass" name="@BeforeMethod lanuchWebsite" time="0.0">
    <skipped/>
  </testcase> <!-- @BeforeMethod lanuchWebsite -->
  <testcase classname="swimGDSAutomation.TestComponents.BaseClass" name="@AfterMethod tearDown" time="0.0">
    <skipped/>
  </testcase> <!-- @AfterMethod tearDown -->
  <testcase classname="swimGDSAutomation.NegativeTC.NegativeAuthorizeUserTest" name="WithoutInsertingValues_ClickOnSubmitButton" time="16.275"/>
  <testcase classname="swimGDSAutomation.NegativeTC.NegativeAuthorizeUserTest" name="WithoutInsertingValueInEditDetails_clickSaveBtn" time="23.248"/>
  <testcase classname="swimGDSAutomation.NegativeTC.NegativeAuthorizeUserTest" name="WithoutInsertingDetailsInAddUser_ClickCreateBtn" time="20.049"/>
  <testcase classname="swimGDSAutomation.NegativeTC.NegativeAuthorizeUserTest" name="WithoutInsertingEmail_ClickCreateBtn" time="23.05"/>
  <testcase classname="swimGDSAutomation.NegativeTC.NegativeAuthorizeUserTest" name="InsertingEmail_ClickCreateBtn" time="22.187"/>
  <testcase classname="swimGDSAutomation.NegativeTC.NegativeAuthorizeUserTest" name="InsertingAlreadyRegisteredEmail_ClickCreateBtn" time="0.0">
    <skipped/>
  </testcase> <!-- InsertingAlreadyRegisteredEmail_ClickCreateBtn -->
  <testcase classname="swimGDSAutomation.NegativeTC.NegativeAuthorizeUserTest" name="WithPendingEmailVerificationStatus_TryToDoLogin" time="0.0">
    <skipped/>
  </testcase> <!-- WithPendingEmailVerificationStatus_TryToDoLogin -->
  <testcase classname="swimGDSAutomation.NegativeTC.NegativeAuthorizeUserTest" name="WithCancelledStatus_TryToDoLogin" time="0.0">
    <skipped/>
  </testcase> <!-- WithCancelledStatus_TryToDoLogin -->
  <testcase classname="swimGDSAutomation.NegativeTC.NegativeAuthorizeUserTest" name="WithDeletedStatus_TryToDoLogin" time="0.0">
    <skipped/>
  </testcase> <!-- WithDeletedStatus_TryToDoLogin -->
</testsuite> <!-- Negative test cases -->
