<?xml version="1.0" encoding="UTF-8"?>
<!-- Generated by org.testng.reporters.JUnitXMLReporter -->
<testsuite ignored="0" hostname="C100-96s-iMac.local" failures="2" tests="13" name="Positive Test cases" time="923.785" errors="0" timestamp="2023-09-10T23:55:31 IST">
  <testcase classname="swimGDSAutomation.PositiveTC.ReadyMadeTest" name="ClickBalancePayableSubmenu" time="21.661"/>
  <testcase classname="swimGDSAutomation.PositiveTC.ReadyMadeTest" name="SelectBuyerName" time="29.201">
    <failure type="java.lang.AssertionError" message="expected [DB Schenker] but found []">
      <![CDATA[java.lang.AssertionError: expected [DB Schenker] but found []
at swimGDSAutomation.PositiveTC.ReadyMadeTest.SelectBuyerName(ReadyMadeTest.java:55)
at java.base/java.util.ArrayList.forEach(ArrayList.java:1511)
... Removed 33 stack frames]]>
    </failure>
  </testcase> <!-- SelectBuyerName -->
  <testcase classname="swimGDSAutomation.PositiveTC.ReadyMadeTest" name="ClickViewButtonToViewDetails" time="0.0">
    <skipped/>
  </testcase> <!-- ClickViewButtonToViewDetails -->
  <testcase classname="swimGDSAutomation.PositiveTC.ReadyMadeTest" name="ChangeBuyerByClickingOnDropdownAgain" time="27.861">
    <failure type="java.lang.AssertionError" message="expected [THOMTT] but found [Test Cancel Voyage]">
      <![CDATA[java.lang.AssertionError: expected [THOMTT] but found [Test Cancel Voyage]
at swimGDSAutomation.PositiveTC.ReadyMadeTest.ChangeBuyerByClickingOnDropdownAgain(ReadyMadeTest.java:109)
at java.base/java.util.ArrayList.forEach(ArrayList.java:1511)
... Removed 33 stack frames]]>
    </failure>
  </testcase> <!-- ChangeBuyerByClickingOnDropdownAgain -->
  <testcase classname="swimGDSAutomation.PositiveTC.ReadyMadeTest" name="ClickSellersInventoryPositionReportSubmenu" time="24.046"/>
  <testcase classname="swimGDSAutomation.PositiveTC.ReadyMadeTest" name="ClickDownloadSellersInventoryPositionReportButton" time="29.138"/>
  <testcase classname="swimGDSAutomation.PositiveTC.ReadyMadeTest" name="ClickSellersSlotAvailabilityTrendReportSubmenu" time="26.157"/>
  <testcase classname="swimGDSAutomation.PositiveTC.ReadyMadeTest" name="ClickAscendingNDescendingArrows" time="29.073"/>
  <testcase classname="swimGDSAutomation.PositiveTC.ReadyMadeTest" name="ClickOnBillReportSubmenu" time="21.534"/>
  <testcase classname="swimGDSAutomation.PositiveTC.ReadyMadeTest" name="ClickUpNDownArrowOfSellerColoumn" time="26.231"/>
  <testcase classname="swimGDSAutomation.PositiveTC.ReadyMadeTest" name="ClickForwarderDropdownField" time="21.111"/>
  <testcase classname="swimGDSAutomation.PositiveTC.ReadyMadeTest" name="SelectForwarderOption" time="23.757"/>
  <testcase classname="swimGDSAutomation.PositiveTC.ReadyMadeTest" name="ClickDownloadCSV" time="29.583"/>
</testsuite> <!-- Positive Test cases -->
