<?xml version="1.0" encoding="UTF-8"?>
<!-- Generated by org.testng.reporters.JUnitReportReporter -->
<testsuite hostname="C100-96s-iMac.local" failures="2" tests="13" name="swimGDSAutomation.PositiveTC.ReadyMadeTest" time="785.095" errors="0" timestamp="2023-09-08T16:44:31 IST" skipped="1">
  <testcase classname="swimGDSAutomation.PositiveTC.ReadyMadeTest" name="ClickBalancePayableSubmenu" time="41.578"/>
  <system-out/>
  <testcase classname="swimGDSAutomation.PositiveTC.ReadyMadeTest" name="SelectBuyerName" time="82.272">
    <failure message="expected [DB Schenker] but found []" type="java.lang.AssertionError">
      <![CDATA[java.lang.AssertionError: expected [DB Schenker] but found []
at org.testng.Assert.fail(Assert.java:110)
at org.testng.Assert.failNotEquals(Assert.java:1413)
at org.testng.Assert.assertEqualsImpl(Assert.java:149)
at org.testng.Assert.assertEquals(Assert.java:131)
at org.testng.Assert.assertEquals(Assert.java:655)
at org.testng.Assert.assertEquals(Assert.java:665)
at swimGDSAutomation.PositiveTC.ReadyMadeTest.SelectBuyerName(ReadyMadeTest.java:55)
at java.base/jdk.internal.reflect.NativeMethodAccessorImpl.invoke0(Native Method)
at java.base/jdk.internal.reflect.NativeMethodAccessorImpl.invoke(NativeMethodAccessorImpl.java:64)
at java.base/jdk.internal.reflect.DelegatingMethodAccessorImpl.invoke(DelegatingMethodAccessorImpl.java:43)
at java.base/java.lang.reflect.Method.invoke(Method.java:564)
at org.testng.internal.invokers.MethodInvocationHelper.invokeMethod(MethodInvocationHelper.java:139)
at org.testng.internal.invokers.TestInvoker.invokeMethod(TestInvoker.java:677)
at org.testng.internal.invokers.TestInvoker.invokeTestMethod(TestInvoker.java:221)
at org.testng.internal.invokers.MethodRunner.runInSequence(MethodRunner.java:50)
at org.testng.internal.invokers.TestInvoker$MethodInvocationAgent.invoke(TestInvoker.java:969)
at org.testng.internal.invokers.TestInvoker.invokeTestMethods(TestInvoker.java:194)
at org.testng.internal.invokers.TestMethodWorker.invokeTestMethods(TestMethodWorker.java:148)
at org.testng.internal.invokers.TestMethodWorker.run(TestMethodWorker.java:128)
at java.base/java.util.ArrayList.forEach(ArrayList.java:1511)
at org.testng.TestRunner.privateRun(TestRunner.java:829)
at org.testng.TestRunner.run(TestRunner.java:602)
at org.testng.SuiteRunner.runTest(SuiteRunner.java:437)
at org.testng.SuiteRunner.runSequentially(SuiteRunner.java:431)
at org.testng.SuiteRunner.privateRun(SuiteRunner.java:391)
at org.testng.SuiteRunner.run(SuiteRunner.java:330)
at org.testng.SuiteRunnerWorker.runSuite(SuiteRunnerWorker.java:52)
at org.testng.SuiteRunnerWorker.run(SuiteRunnerWorker.java:95)
at org.testng.TestNG.runSuitesSequentially(TestNG.java:1256)
at org.testng.TestNG.runSuitesLocally(TestNG.java:1176)
at org.testng.TestNG.runSuites(TestNG.java:1099)
at org.testng.TestNG.run(TestNG.java:1067)
at org.testng.remote.AbstractRemoteTestNG.run(AbstractRemoteTestNG.java:115)
at org.testng.remote.RemoteTestNG.initAndRun(RemoteTestNG.java:251)
at org.testng.remote.RemoteTestNG.main(RemoteTestNG.java:77)
]]>
    </failure>
  </testcase> <!-- SelectBuyerName -->
  <system-out/>
  <testcase classname="swimGDSAutomation.PositiveTC.ReadyMadeTest" name="ClickViewButtonToViewDetails" time="52.381">
    <skipped/>
  </testcase> <!-- ClickViewButtonToViewDetails -->
  <system-out/>
  <testcase classname="swimGDSAutomation.PositiveTC.ReadyMadeTest" name="ChangeBuyerByClickingOnDropdownAgain" time="52.969">
    <failure message="expected [THOMTT] but found [Test Cancel Voyage]" type="java.lang.AssertionError">
      <![CDATA[java.lang.AssertionError: expected [THOMTT] but found [Test Cancel Voyage]
at org.testng.Assert.fail(Assert.java:110)
at org.testng.Assert.failNotEquals(Assert.java:1413)
at org.testng.Assert.assertEqualsImpl(Assert.java:149)
at org.testng.Assert.assertEquals(Assert.java:131)
at org.testng.Assert.assertEquals(Assert.java:655)
at org.testng.Assert.assertEquals(Assert.java:665)
at swimGDSAutomation.PositiveTC.ReadyMadeTest.ChangeBuyerByClickingOnDropdownAgain(ReadyMadeTest.java:109)
at java.base/jdk.internal.reflect.NativeMethodAccessorImpl.invoke0(Native Method)
at java.base/jdk.internal.reflect.NativeMethodAccessorImpl.invoke(NativeMethodAccessorImpl.java:64)
at java.base/jdk.internal.reflect.DelegatingMethodAccessorImpl.invoke(DelegatingMethodAccessorImpl.java:43)
at java.base/java.lang.reflect.Method.invoke(Method.java:564)
at org.testng.internal.invokers.MethodInvocationHelper.invokeMethod(MethodInvocationHelper.java:139)
at org.testng.internal.invokers.TestInvoker.invokeMethod(TestInvoker.java:677)
at org.testng.internal.invokers.TestInvoker.invokeTestMethod(TestInvoker.java:221)
at org.testng.internal.invokers.MethodRunner.runInSequence(MethodRunner.java:50)
at org.testng.internal.invokers.TestInvoker$MethodInvocationAgent.invoke(TestInvoker.java:969)
at org.testng.internal.invokers.TestInvoker.invokeTestMethods(TestInvoker.java:194)
at org.testng.internal.invokers.TestMethodWorker.invokeTestMethods(TestMethodWorker.java:148)
at org.testng.internal.invokers.TestMethodWorker.run(TestMethodWorker.java:128)
at java.base/java.util.ArrayList.forEach(ArrayList.java:1511)
at org.testng.TestRunner.privateRun(TestRunner.java:829)
at org.testng.TestRunner.run(TestRunner.java:602)
at org.testng.SuiteRunner.runTest(SuiteRunner.java:437)
at org.testng.SuiteRunner.runSequentially(SuiteRunner.java:431)
at org.testng.SuiteRunner.privateRun(SuiteRunner.java:391)
at org.testng.SuiteRunner.run(SuiteRunner.java:330)
at org.testng.SuiteRunnerWorker.runSuite(SuiteRunnerWorker.java:52)
at org.testng.SuiteRunnerWorker.run(SuiteRunnerWorker.java:95)
at org.testng.TestNG.runSuitesSequentially(TestNG.java:1256)
at org.testng.TestNG.runSuitesLocally(TestNG.java:1176)
at org.testng.TestNG.runSuites(TestNG.java:1099)
at org.testng.TestNG.run(TestNG.java:1067)
at org.testng.remote.AbstractRemoteTestNG.run(AbstractRemoteTestNG.java:115)
at org.testng.remote.RemoteTestNG.initAndRun(RemoteTestNG.java:251)
at org.testng.remote.RemoteTestNG.main(RemoteTestNG.java:77)
]]>
    </failure>
  </testcase> <!-- ChangeBuyerByClickingOnDropdownAgain -->
  <system-out/>
  <testcase classname="swimGDSAutomation.PositiveTC.ReadyMadeTest" name="ClickSellersInventoryPositionReportSubmenu" time="80.744"/>
  <system-out/>
  <testcase classname="swimGDSAutomation.PositiveTC.ReadyMadeTest" name="ClickDownloadSellersInventoryPositionReportButton" time="49.632"/>
  <system-out/>
  <testcase classname="swimGDSAutomation.PositiveTC.ReadyMadeTest" name="ClickSellersSlotAvailabilityTrendReportSubmenu" time="45.498"/>
  <system-out/>
  <testcase classname="swimGDSAutomation.PositiveTC.ReadyMadeTest" name="ClickAscendingNDescendingArrows" time="78.747"/>
  <system-out/>
  <testcase classname="swimGDSAutomation.PositiveTC.ReadyMadeTest" name="ClickOnBillReportSubmenu" time="76.474"/>
  <system-out/>
  <testcase classname="swimGDSAutomation.PositiveTC.ReadyMadeTest" name="ClickUpNDownArrowOfSellerColoumn" time="51.184"/>
  <system-out/>
  <testcase classname="swimGDSAutomation.PositiveTC.ReadyMadeTest" name="ClickForwarderDropdownField" time="83.798"/>
  <system-out/>
  <testcase classname="swimGDSAutomation.PositiveTC.ReadyMadeTest" name="SelectForwarderOption" time="68.578"/>
  <system-out/>
  <testcase classname="swimGDSAutomation.PositiveTC.ReadyMadeTest" name="ClickDownloadCSV" time="21.240"/>
  <system-out/>
</testsuite> <!-- swimGDSAutomation.PositiveTC.ReadyMadeTest -->
